<?xml version="1.0" encoding="UTF-8"?>
<!-- Generated by org.testng.reporters.JUnitReportReporter -->
<testsuite hostname="salman-PC" name="abcd.TestNg10" tests="1" failures="0" timestamp="12 Jul 2019 06:06:44 GMT" time="14.901" errors="0">
  <testcase name="verifyTitle" time="14.901" classname="abcd.TestNg10"/>
</testsuite> <!-- abcd.TestNg10 -->
