<?xml version="1.0" encoding="UTF-8"?>
<!-- Generated by org.testng.reporters.JUnitReportReporter -->
<testsuite hostname="salman-PC" name="abcd.Class3" tests="4" failures="0" timestamp="23 Jul 2019 05:36:18 GMT" time="0.032" errors="0">
  <testcase name="testcase3" time="0.006" classname="abcd.Class3"/>
  <testcase name="testcase1" time="0.021" classname="abcd.Class3"/>
  <testcase name="testcase4" time="0.003" classname="abcd.Class3"/>
  <testcase name="testcase2" time="0.002" classname="abcd.Class3"/>
</testsuite> <!-- abcd.Class3 -->
