<?xml version="1.0" encoding="UTF-8"?>
<!-- Generated by org.testng.reporters.JUnitReportReporter -->
<testsuite hostname="salman-PC" name="abcd.Class7" tests="4" failures="0" timestamp="16 Aug 2019 14:46:51 GMT" time="75.338" errors="0">
  <testcase name="launchbrowser" time="5.965" classname="abcd.Class7"/>
  <testcase name="verifygoogle" time="3.452" classname="abcd.Class7"/>
  <testcase name="verifyYahootitle" time="65.106" classname="abcd.Class7"/>
  <testcase name="closebrowser" time="0.815" classname="abcd.Class7"/>
</testsuite> <!-- abcd.Class7 -->
