<?xml version="1.0" encoding="UTF-8"?>
<!-- Generated by org.testng.reporters.JUnitReportReporter -->
<testsuite hostname="salman-PC" name="abcd.Multiplecases" tests="4" failures="0" timestamp="27 Jun 2019 05:13:23 GMT" time="49.399" errors="0">
  <testcase name="CloseBrowser" time="2.443" classname="abcd.Multiplecases"/>
  <testcase name="VerifyYahoo" time="37.880" classname="abcd.Multiplecases"/>
  <testcase name="LaunchBrowser" time="5.499" classname="abcd.Multiplecases"/>
  <testcase name="Verifytitle" time="3.577" classname="abcd.Multiplecases"/>
</testsuite> <!-- abcd.Multiplecases -->
