<?xml version="1.0" encoding="UTF-8"?>
<!-- Generated by org.testng.reporters.JUnitReportReporter -->
<testsuite hostname="salman-PC" name="abcd.Tetng3" tests="4" failures="0" timestamp="27 Jun 2019 09:58:07 GMT" time="11.723" errors="0">
  <testcase name="closeBrowser" time="0.165" classname="abcd.Tetng3"/>
  <testcase name="verifyGcritTitle" time="4.893" classname="abcd.Tetng3"/>
  <testcase name="verifylaunchBrowser" time="3.951" classname="abcd.Tetng3"/>
  <testcase name="verifygoogleTitle" time="2.714" classname="abcd.Tetng3"/>
</testsuite> <!-- abcd.Tetng3 -->
