<?xml version="1.0" encoding="UTF-8"?>
<!-- Generated by org.testng.reporters.JUnitReportReporter -->
<testsuite hostname="salman-PC" name="abcd.Class2" tests="2" failures="0" timestamp="1 Dec 2019 06:57:40 GMT" time="8.904" errors="0">
  <testcase name="verifygcrit" time="5.305" classname="abcd.Class2"/>
  <testcase name="verifygoogletitle" time="3.599" classname="abcd.Class2"/>
</testsuite> <!-- abcd.Class2 -->
