<?xml version="1.0" encoding="UTF-8"?>
<!-- Generated by org.testng.reporters.JUnitReportReporter -->
<testsuite hostname="salman-PC" name="abcd.Localization2" tests="4" failures="0" timestamp="30 Jul 2019 06:02:07 GMT" time="24.470" errors="0">
  <testcase name="launchBrowser" time="3.705" classname="abcd.Localization2"/>
  <testcase name="closeBrowser" time="0.186" classname="abcd.Localization2"/>
  <testcase name="verifygcrittilte" time="7.886" classname="abcd.Localization2"/>
  <testcase name="verifyGCRLocalizationtitle" time="12.693" classname="abcd.Localization2"/>
</testsuite> <!-- abcd.Localization2 -->
