<?xml version="1.0" encoding="UTF-8"?>
<!-- Generated by org.testng.reporters.JUnitReportReporter -->
<testsuite hostname="salman-PC" name="abcd.Testng7" tests="1" failures="0" timestamp="3 Jul 2019 05:34:15 GMT" time="12.947" errors="0">
  <testcase name="verifyTitle" time="12.947" classname="abcd.Testng7"/>
</testsuite> <!-- abcd.Testng7 -->
