<?xml version="1.0" encoding="UTF-8"?>
<!-- Generated by org.testng.reporters.JUnitReportReporter -->
<testsuite hostname="salman-PC" name="abcd.Testng8" tests="2" failures="0" timestamp="9 Jul 2019 07:29:37 GMT" time="8.116" errors="0">
  <testcase name="verifyGoogleTitle" time="4.296" classname="abcd.Testng8"/>
  <testcase name="launchBrowser" time="3.820" classname="abcd.Testng8"/>
</testsuite> <!-- abcd.Testng8 -->
