<?xml version="1.0" encoding="UTF-8"?>
<!-- Generated by org.testng.reporters.JUnitReportReporter -->
<testsuite hostname="salman-PC" name="abcd.Test1" tests="1" failures="0" timestamp="12 Jul 2019 11:34:11 GMT" time="12.057" errors="0">
  <testcase name="launch" time="12.057" classname="abcd.Test1"/>
</testsuite> <!-- abcd.Test1 -->
