<?xml version="1.0" encoding="UTF-8"?>
<!-- Generated by org.testng.reporters.JUnitReportReporter -->
<testsuite hostname="salman-PC" name="abcd.TestngN" tests="1" failures="0" timestamp="9 Jul 2019 07:12:46 GMT" time="8.088" errors="0">
  <testcase name="verifytitle" time="8.088" classname="abcd.TestngN"/>
</testsuite> <!-- abcd.TestngN -->
