<?xml version="1.0" encoding="UTF-8"?>
<!-- Generated by org.testng.reporters.JUnitReportReporter -->
<testsuite hostname="salman-PC" name="abcd.Class22" tests="5" failures="0" timestamp="1 Sep 2019 05:59:44 GMT" time="25.969" errors="0">
  <testcase name="gcrit" time="4.686" classname="abcd.Class22"/>
  <testcase name="closebrowser" time="0.254" classname="abcd.Class22"/>
  <testcase name="google" time="3.299" classname="abcd.Class22"/>
  <testcase name="launchbrowser" time="3.747" classname="abcd.Class22"/>
  <testcase name="icici" time="13.983" classname="abcd.Class22"/>
</testsuite> <!-- abcd.Class22 -->
