<?xml version="1.0" encoding="UTF-8"?>
<!-- Generated by org.testng.reporters.JUnitReportReporter -->
<testsuite hostname="salman-PC" name="abcd.Sample1" tests="3" failures="0" timestamp="25 Jun 2019 10:43:03 GMT" time="9.236" errors="0">
  <testcase name="launchBrowser" time="3.797" classname="abcd.Sample1"/>
  <testcase name="closeBrowser" time="2.327" classname="abcd.Sample1"/>
  <testcase name="verifyGoogleTitle" time="3.112" classname="abcd.Sample1"/>
</testsuite> <!-- abcd.Sample1 -->
