<?xml version="1.0" encoding="UTF-8"?>
<!-- Generated by org.testng.reporters.JUnitReportReporter -->
<testsuite hostname="salman-PC" name="abcd.Class12" tests="3" failures="0" timestamp="6 Sep 2019 07:23:28 GMT" time="8.820" errors="0">
  <testcase name="closebrowser" time="2.355" classname="abcd.Class12"/>
  <testcase name="verifygoogle" time="2.748" classname="abcd.Class12"/>
  <testcase name="launchbrowser" time="3.717" classname="abcd.Class12"/>
</testsuite> <!-- abcd.Class12 -->
