<?xml version="1.0" encoding="UTF-8"?>
<!-- Generated by org.testng.reporters.JUnitReportReporter -->
<testsuite hostname="salman-PC" name="abcd.Launchbrowser" tests="2" failures="0" timestamp="1 Dec 2019 06:55:56 GMT" time="28.186" errors="0">
  <testcase name="verifygoogletitle" time="8.365" classname="abcd.Launchbrowser"/>
  <testcase name="verifysnapdealtitle" time="19.821" classname="abcd.Launchbrowser"/>
</testsuite> <!-- abcd.Launchbrowser -->
