<?xml version="1.0" encoding="UTF-8"?>
<!-- Generated by org.testng.reporters.JUnitReportReporter -->
<testsuite hostname="salman-PC" name="abcd.Testng2" tests="3" failures="0" timestamp="1 Sep 2019 05:28:26 GMT" time="40.662" errors="0">
  <testcase name="verifygoogle" time="6.786" classname="abcd.Testng2"/>
  <testcase name="verifyicicbank" time="18.150" classname="abcd.Testng2"/>
  <testcase name="verifyamzon" time="15.726" classname="abcd.Testng2"/>
</testsuite> <!-- abcd.Testng2 -->
