<?xml version="1.0" encoding="UTF-8"?>
<!-- Generated by org.testng.reporters.JUnitReportReporter -->
<testsuite hostname="salman-PC" name="abcd.Testng5" tests="3" failures="0" timestamp="7 Jul 2019 04:50:43 GMT" time="9.132" errors="0">
  <testcase name="launchBrowser" time="3.749" classname="abcd.Testng5"/>
  <testcase name="Closebrowser" time="2.368" classname="abcd.Testng5"/>
  <testcase name="VerifyGoogleTitle" time="3.015" classname="abcd.Testng5"/>
</testsuite> <!-- abcd.Testng5 -->
