<?xml version="1.0" encoding="UTF-8"?>
<!-- Generated by org.testng.reporters.JUnitReportReporter -->
<testsuite hostname="salman-PC" name="abcd.Batchtestng" tests="1" failures="0" timestamp="12 Jul 2019 06:33:55 GMT" time="11.091" errors="0">
  <testcase name="launchbrowser" time="11.091" classname="abcd.Batchtestng"/>
</testsuite> <!-- abcd.Batchtestng -->
