<?xml version="1.0" encoding="UTF-8"?>
<!-- Generated by org.testng.reporters.JUnitReportReporter -->
<testsuite hostname="salman-PC" name="abcd.Testingc" tests="2" failures="0" timestamp="27 Jun 2019 09:40:08 GMT" time="11.912" errors="0">
  <testcase name="lanchBrowser" time="4.062" classname="abcd.Testingc"/>
  <testcase name="Gcreddyshop" time="7.850" classname="abcd.Testingc"/>
</testsuite> <!-- abcd.Testingc -->
