<?xml version="1.0" encoding="UTF-8"?>
<!-- Generated by org.testng.reporters.JUnitReportReporter -->
<testsuite hostname="salman-PC" name="abcd.Testing1" tests="3" failures="0" timestamp="13 Jul 2019 10:23:43 GMT" time="9.096" errors="0">
  <testcase name="launchbrowser" time="3.652" classname="abcd.Testing1"/>
  <testcase name="verifytitle" time="3.109" classname="abcd.Testing1"/>
  <testcase name="closebrowser" time="2.335" classname="abcd.Testing1"/>
</testsuite> <!-- abcd.Testing1 -->
