<?xml version="1.0" encoding="UTF-8"?>
<!-- Generated by org.testng.reporters.JUnitReportReporter -->
<testsuite hostname="salman-PC" name="abcd.Class07" tests="3" failures="0" timestamp="3 Oct 2019 03:42:39 GMT" time="90.048" errors="0">
  <testcase name="verifygoogletitle" time="36.030" classname="abcd.Class07"/>
  <testcase name="verifybankofamerica" time="21.114" classname="abcd.Class07"/>
  <testcase name="verifygcrit" time="32.904" classname="abcd.Class07"/>
</testsuite> <!-- abcd.Class07 -->
