<?xml version="1.0" encoding="UTF-8"?>
<!-- Generated by org.testng.reporters.JUnitReportReporter -->
<testsuite hostname="salman-PC" name="abcd.Testing" tests="1" failures="0" timestamp="9 Jul 2019 07:26:57 GMT" time="9.456" errors="0">
  <testcase name="VerifyTitle" time="9.456" classname="abcd.Testing"/>
</testsuite> <!-- abcd.Testing -->
