<?xml version="1.0" encoding="UTF-8"?>
<!-- Generated by org.testng.reporters.JUnitReportReporter -->
<testsuite hostname="salman-PC" name="abcd.Classw" tests="5" failures="0" timestamp="4 Dec 2019 10:20:44 GMT" time="0.050" errors="0">
  <testcase name="launchbrowser" time="0.021" classname="abcd.Classw"/>
  <testcase name="testcase4" time="0.002" classname="abcd.Classw"/>
  <testcase name="testcase5" time="0.004" classname="abcd.Classw"/>
  <testcase name="testcase2" time="0.021" classname="abcd.Classw"/>
  <testcase name="testcase3" time="0.002" classname="abcd.Classw"/>
</testsuite> <!-- abcd.Classw -->
