<?xml version="1.0" encoding="UTF-8"?>
<!-- Generated by org.testng.reporters.JUnitReportReporter -->
<testsuite hostname="salman-PC" name="abcd.Class4" tests="3" failures="0" timestamp="2 Dec 2019 10:26:04 GMT" time="27.664" errors="0">
  <testcase name="verifygcrit" time="8.103" classname="abcd.Class4"/>
  <testcase name="verifygoogletitle" time="3.131" classname="abcd.Class4"/>
  <testcase name="verifysnapdeal" time="16.430" classname="abcd.Class4"/>
</testsuite> <!-- abcd.Class4 -->
