<?xml version="1.0" encoding="UTF-8"?>
<!-- Generated by org.testng.reporters.JUnitReportReporter -->
<testsuite hostname="salman-PC" name="abcd.Testing4" tests="3" failures="0" timestamp="27 Jun 2019 07:27:16 GMT" time="9.636" errors="0">
  <testcase name="VerifyGoogletitle" time="2.551" classname="abcd.Testing4"/>
  <testcase name="LaunchBrowser" time="4.987" classname="abcd.Testing4"/>
  <testcase name="closeBrowser" time="2.098" classname="abcd.Testing4"/>
</testsuite> <!-- abcd.Testing4 -->
