<?xml version="1.0" encoding="UTF-8"?>
<!-- Generated by org.testng.reporters.JUnitReportReporter -->
<testsuite hostname="salman-PC" name="abcd.Sample2" tests="6" failures="0" timestamp="25 Jun 2019 11:05:59 GMT" time="55.557" errors="0">
  <testcase name="verifyBankofAmerica" time="16.529" classname="abcd.Sample2"/>
  <testcase name="verifyYahooTitle" time="22.058" classname="abcd.Sample2"/>
  <testcase name="closeBrowser" time="2.120" classname="abcd.Sample2"/>
  <testcase name="launchBrowser" time="3.707" classname="abcd.Sample2"/>
  <testcase name="verifyICICIBank" time="7.784" classname="abcd.Sample2"/>
  <testcase name="verifyGoogleTitle" time="3.359" classname="abcd.Sample2"/>
</testsuite> <!-- abcd.Sample2 -->
