<?xml version="1.0" encoding="UTF-8"?>
<!-- Generated by org.testng.reporters.JUnitReportReporter -->
<testsuite hostname="salman-PC" name="abcd.Testng6" tests="2" failures="0" timestamp="28 Jun 2019 07:00:10 GMT" time="20.156" errors="0">
  <testcase name="verifyOrangeHRM" time="11.723" classname="abcd.Testng6"/>
  <testcase name="verifyGoogleTitle" time="8.433" classname="abcd.Testng6"/>
</testsuite> <!-- abcd.Testng6 -->
