<?xml version="1.0" encoding="UTF-8"?>
<!-- Generated by org.testng.reporters.JUnitReportReporter -->
<testsuite hostname="salman-PC" name="abcd.Testngclass" tests="3" failures="0" timestamp="29 Jun 2019 04:23:02 GMT" time="25.209" errors="0">
  <testcase name="verifyGoogleTitle" time="3.101" classname="abcd.Testngclass"/>
  <testcase name="verifySnapdealTitle" time="12.288" classname="abcd.Testngclass"/>
  <testcase name="verifyAmazonTitle" time="9.820" classname="abcd.Testngclass"/>
</testsuite> <!-- abcd.Testngclass -->
