<?xml version="1.0" encoding="UTF-8"?>
<!-- Generated by org.testng.reporters.JUnitReportReporter -->
<testsuite hostname="salman-PC" name="abcd.Testng" tests="1" failures="0" timestamp="29 Nov 2019 07:11:55 GMT" time="7.572" errors="0">
  <testcase name="verifygoogle" time="7.572" classname="abcd.Testng"/>
</testsuite> <!-- abcd.Testng -->
