<?xml version="1.0" encoding="UTF-8"?>
<!-- Generated by org.testng.reporters.JUnitReportReporter -->
<testsuite hostname="salman-PC" name="abcd.Testing5" tests="4" failures="0" timestamp="12 Jul 2019 06:06:44 GMT" time="79.432" errors="0">
  <testcase name="verifyGoogletitle" time="7.104" classname="abcd.Testing5"/>
  <testcase name="lanchbrowser" time="6.822" classname="abcd.Testing5"/>
  <testcase name="closeBrowser" time="0.925" classname="abcd.Testing5"/>
  <testcase name="verifyYahoo" time="64.581" classname="abcd.Testing5"/>
</testsuite> <!-- abcd.Testing5 -->
