<?xml version="1.0" encoding="UTF-8"?>
<!-- Generated by org.testng.reporters.JUnitReportReporter -->
<testsuite hostname="salman-PC" name="abcd.Class5" tests="4" failures="0" timestamp="2 Dec 2019 10:26:04 GMT" time="38.709" errors="0">
  <testcase name="verifyicicibank" time="11.833" classname="abcd.Class5"/>
  <testcase name="verifygoogle" time="9.999" classname="abcd.Class5"/>
  <testcase name="bankofamerica" time="10.794" classname="abcd.Class5"/>
  <testcase name="verifygcrit" time="6.083" classname="abcd.Class5"/>
</testsuite> <!-- abcd.Class5 -->
