<?xml version="1.0" encoding="UTF-8"?>
<!-- Generated by org.testng.reporters.JUnitReportReporter -->
<testsuite hostname="salman-PC" name="abcd.Testng4" tests="4" failures="0" timestamp="9 Jul 2019 07:29:37 GMT" time="57.651" errors="0">
  <testcase name="VerifyBankofAmericaTitle" time="12.397" classname="abcd.Testng4"/>
  <testcase name="verifySnapdealTitle" time="24.712" classname="abcd.Testng4"/>
  <testcase name="verifyAmazonTitle" time="14.439" classname="abcd.Testng4"/>
  <testcase name="VerifygoogleTitle" time="6.103" classname="abcd.Testng4"/>
</testsuite> <!-- abcd.Testng4 -->
