<?xml version="1.0" encoding="UTF-8"?>
<!-- Generated by org.testng.reporters.JUnitReportReporter -->
<testsuite hostname="salman-PC" name="abcd.Class1" tests="1" failures="0" timestamp="1 Dec 2019 06:43:51 GMT" time="18.017" errors="0">
  <testcase name="verifygoogle" time="18.017" classname="abcd.Class1"/>
</testsuite> <!-- abcd.Class1 -->
