<?xml version="1.0" encoding="UTF-8"?>
<!-- Generated by org.testng.reporters.JUnitReportReporter -->
<testsuite hostname="salman-PC" name="abcd.Data" tests="4" failures="0" timestamp="20 Jul 2019 08:49:54 GMT" time="0.031" errors="0">
  <testcase name="testcase4" time="0.000" classname="abcd.Data"/>
  <testcase name="testcase1" time="0.015" classname="abcd.Data"/>
  <testcase name="testcase2" time="0.016" classname="abcd.Data"/>
  <testcase name="testcase3" time="0.000" classname="abcd.Data"/>
</testsuite> <!-- abcd.Data -->
