<?xml version="1.0" encoding="UTF-8"?>
<!-- Generated by org.testng.reporters.JUnitReportReporter -->
<testsuite hostname="salman-PC" name="abcd.Testng1" tests="4" failures="0" timestamp="7 Jul 2019 05:09:10 GMT" time="13.411" errors="0">
  <testcase name="closebrowser" time="0.228" classname="abcd.Testng1"/>
  <testcase name="verifygcrittitle" time="5.911" classname="abcd.Testng1"/>
  <testcase name="launchBrowser" time="3.823" classname="abcd.Testng1"/>
  <testcase name="verifygoogletitle" time="3.449" classname="abcd.Testng1"/>
</testsuite> <!-- abcd.Testng1 -->
