<?xml version="1.0" encoding="UTF-8"?>
<!-- Generated by org.testng.reporters.JUnitReportReporter -->
<testsuite hostname="salman-PC" name="abcd.admin123" tests="1" failures="0" timestamp="25 Feb 2019 05:57:43 GMT" time="8.466" errors="0">
  <testcase name="VerifyTitle" time="8.466" classname="abcd.admin123"/>
</testsuite> <!-- abcd.admin123 -->
