<?xml version="1.0" encoding="UTF-8"?>
<!-- Generated by org.testng.reporters.JUnitReportReporter -->
<testsuite hostname="salman-PC" name="abcd.Testmultiple" tests="3" failures="0" timestamp="27 Jun 2019 05:00:01 GMT" time="11.209" errors="0">
  <testcase name="VerifyLaunch" time="3.622" classname="abcd.Testmultiple"/>
  <testcase name="closeBrowser" time="2.345" classname="abcd.Testmultiple"/>
  <testcase name="VerifyGoogle" time="5.242" classname="abcd.Testmultiple"/>
</testsuite> <!-- abcd.Testmultiple -->
