<?xml version="1.0" encoding="UTF-8"?>
<!-- Generated by org.testng.reporters.JUnitReportReporter -->
<testsuite hostname="salman-PC" name="abcd.Testng15" tests="2" failures="0" timestamp="12 Jul 2019 06:58:11 GMT" time="10.676" errors="0">
  <testcase name="verifygoogletitle" time="4.303" classname="abcd.Testng15"/>
  <testcase name="verifygcrit" time="6.373" classname="abcd.Testng15"/>
</testsuite> <!-- abcd.Testng15 -->
