<?xml version="1.0" encoding="UTF-8"?>
<!-- Generated by org.testng.reporters.JUnitReportReporter -->
<testsuite hostname="salman-PC" name="abcd.Testng11" tests="6" failures="0" timestamp="9 Jul 2019 07:15:03 GMT" time="95.045" errors="0">
  <testcase name="verifyyahoo" time="30.788" classname="abcd.Testng11"/>
  <testcase name="verifygcrit" time="16.665" classname="abcd.Testng11"/>
  <testcase name="verifyicicibank" time="13.274" classname="abcd.Testng11"/>
  <testcase name="verifybankofamerica" time="9.747" classname="abcd.Testng11"/>
  <testcase name="verifygoogletitle" time="8.600" classname="abcd.Testng11"/>
  <testcase name="verifyamazon" time="15.971" classname="abcd.Testng11"/>
</testsuite> <!-- abcd.Testng11 -->
